TN:
SF:app.js
FNF:0
FNH:0
DA:1,1
DA:2,1
DA:3,1
DA:4,1
DA:5,1
DA:6,1
DA:7,1
DA:8,0
DA:9,0
DA:10,1
DA:11,1
DA:12,1
DA:13,1
DA:14,1
DA:15,1
DA:16,1
DA:17,1
DA:18,0
DA:19,0
DA:20,0
DA:21,1
DA:22,1
LF:22
LH:17
BRDA:17,0,0,0
BRDA:11,1,0,1
BRF:2
BRH:1
end_of_record
TN:
SF:clientMock.js
FNF:0
FNH:0
DA:1,1
DA:2,1
DA:3,1
DA:4,1
DA:5,1
DA:6,1
DA:7,1
DA:8,1
DA:9,1
DA:10,1
DA:11,1
DA:12,1
DA:13,1
DA:14,1
DA:15,1
DA:16,1
DA:17,1
DA:18,1
DA:19,1
DA:20,1
DA:21,1
DA:22,1
DA:23,1
DA:24,1
DA:25,1
DA:26,1
DA:27,1
LF:27
LH:27
BRDA:12,0,0,1
BRDA:17,1,0,10
BRF:2
BRH:2
end_of_record
TN:
SF:clientRepository.js
FN:2,findAll
FNF:1
FNH:1
FNDA:1,findAll
DA:1,1
DA:2,1
DA:3,1
DA:4,1
DA:5,1
DA:6,1
LF:6
LH:6
BRDA:2,0,0,1
BRF:1
BRH:1
end_of_record
TN:
SF:ibgeService.js
FN:1,Object.<anonymous>.module.exports.getUFs
FNF:1
FNH:1
FNDA:1,Object.<anonymous>.module.exports.getUFs
DA:1,1
DA:2,1
DA:3,1
DA:4,1
DA:5,1
LF:5
LH:5
BRDA:1,0,0,1
BRF:1
BRH:1
end_of_record
TN:
SF:index.js
FN:1,aplicarDesconto
FNF:1
FNH:1
FNDA:3,aplicarDesconto
DA:1,3
DA:2,3
DA:3,2
DA:4,2
DA:5,1
DA:6,1
LF:6
LH:6
BRDA:1,0,0,3
BRDA:2,1,0,2
BRDA:2,2,0,1
BRF:3
BRH:3
end_of_record
TN:
SF:mock.js
FN:3,findTestTxt
FNF:1
FNH:1
FNDA:1,findTestTxt
DA:1,1
DA:2,1
DA:3,1
DA:4,1
DA:5,1
DA:6,1
DA:7,1
DA:8,1
LF:8
LH:8
BRDA:3,0,0,1
BRDA:5,1,0,1
BRF:2
BRH:2
end_of_record
